# ELBREAD: Elaboration process.
# ELBREAD: Elaboration time 0.0 [s].
# Waveform file 'C:/Users/Porapat/Downloads/345_Project/PipelinedMultimediaUnit/src/WEW.awc' connected to 'C:/Users/Porapat/Downloads/345_Project/PipelinedMultimediaUnit/src/WEW.asdb'.
asim -O5 -L pipelined_multimedia_unit -L ieee +accb +accr +access +r +access +r+w p_mmu_tb_ent p_mmu_tb_arch
# ELBREAD: Elaboration process.
# ELBREAD: Elaboration time 0.0 [s].
# VSIM: Stack memory: 32MB
# VSIM: Retval memory: 32MB
# 
acom -O3 -e 100 -work Pipelined_Multimedia_Unit -2008  $dsn/src/p_mmu_tb.vhd
# Warning: DAGGEN_0523: The source is compiled without the -dbg switch. Line breakpoints and assertion debug will not be available.
# File: C:/Users/Porapat/Downloads/345_Project/Pipelined Multimedia Unit/src/p_mmu_tb.vhd
# Compile Entity "p_mmu_tb_ent"
# Compile Architecture "p_mmu_tb_arch" of Entity "p_mmu_tb_ent"
# Compile success 0 Errors 0 Warnings  Analysis time :  32.0 [ms]
# ELBREAD: Elaboration process.
# ELBREAD: Elaboration time 0.0 [s].
# KERNEL: Main thread initiated.
# KERNEL: Kernel process initialization phase.
# ELAB2: Elaboration final pass...
# ELAB2: Create instances ...
# KERNEL: Time resolution set to 1ps.
# ELAB2: Create instances complete.
# SLP: Started
# SLP: Elaboration phase ...
# SLP: Elaboration phase ... skipped, nothing to simulate in SLP mode : 0.0 [s]
# SLP: Finished : 0.0 [s]
# ELAB2: Elaboration final pass complete - time: 0.0 [s].
# KERNEL: Warning: You are using the Active-HDL Student Edition. The performance of simulation is running at a reduced rate.
# KERNEL: Warning: Contact Aldec for available upgrade options - sales@aldec.com.
# KERNEL: Kernel process initialization done.
# Allocation: Simulator allocated 7329 kB (elbread=1280 elab2=5903 kernel=145 sdf=0)
# KERNEL: ASDB file was created in location C:\Users\Porapat\Downloads\345_Project\Pipelined Multimedia Unit\src\wave.asdb
#  5:15 PM, Sunday, November 29, 2020
#  Simulation has been initialized
run @150us
# KERNEL: WARNING: NUMERIC_STD.TO_INTEGER: metavalue detected, returning 0
# KERNEL: Time: 0 ps,  Iteration: 0,  Instance: /p_mmu_tb_ent/UUT/stage1/instruction_fetch,  Process: instruction_fetch.
# KERNEL: WARNING: NUMERIC_STD.TO_INTEGER: metavalue detected, returning 0
# KERNEL: Time: 0 ps,  Iteration: 0,  Instance: /p_mmu_tb_ent/UUT/stage2/reg_file,  Process: registerFileReadWrite.
# KERNEL: WARNING: NUMERIC_STD.TO_INTEGER: metavalue detected, returning 0
# KERNEL: Time: 0 ps,  Iteration: 0,  Instance: /p_mmu_tb_ent/UUT/stage2/reg_file,  Process: registerFileReadWrite.
# KERNEL: WARNING: NUMERIC_STD.TO_INTEGER: metavalue detected, returning 0
# KERNEL: Time: 0 ps,  Iteration: 0,  Instance: /p_mmu_tb_ent/UUT/stage2/reg_file,  Process: registerFileReadWrite.
# KERNEL: WARNING: NUMERIC_STD.TO_INTEGER: metavalue detected, returning 0
# KERNEL: Time: 6300 ns,  Iteration: 1,  Instance: /p_mmu_tb_ent/UUT/stage2/reg_file,  Process: registerFileReadWrite.
# KERNEL: WARNING: NUMERIC_STD.TO_INTEGER: metavalue detected, returning 0
# KERNEL: Time: 6300 ns,  Iteration: 1,  Instance: /p_mmu_tb_ent/UUT/stage2/reg_file,  Process: registerFileReadWrite.
# KERNEL: WARNING: NUMERIC_STD.TO_INTEGER: metavalue detected, returning 0
# KERNEL: Time: 6300 ns,  Iteration: 1,  Instance: /p_mmu_tb_ent/UUT/stage2/reg_file,  Process: registerFileReadWrite.
# KERNEL: stopped at time: 150 us
# add wave -noreg {/p_mmu_tb_ent/instr_arr}
# add wave -noreg {/p_mmu_tb_ent/instruction_vector}
# add wave -noreg {/p_mmu_tb_ent/base_clock}
# add wave -noreg {/p_mmu_tb_ent/reset}
# add wave -noreg {/p_mmu_tb_ent/fetch_clock}
# add wave -noreg {/p_mmu_tb_ent/instruction_out}
# add wave -noreg {/p_mmu_tb_ent/instruction_in}
# add wave -noreg {/p_mmu_tb_ent/s2_instr_in}
# add wave -noreg {/p_mmu_tb_ent/s2_regwrite_out}
# add wave -noreg {/p_mmu_tb_ent/s2_bit23_24_out}
# add wave -noreg {/p_mmu_tb_ent/s2_load_index_out}
# add wave -noreg {/p_mmu_tb_ent/s2_immediate_16_out}
# add wave -noreg {/p_mmu_tb_ent/s2_rd_out}
# add wave -noreg {/p_mmu_tb_ent/s2_command_bits_out}
# add wave -noreg {/p_mmu_tb_ent/s2_rs1_out}
# add wave -noreg {/p_mmu_tb_ent/s2_rs2_out}
# add wave -noreg {/p_mmu_tb_ent/s2_rs3_out}
# add wave -noreg {/p_mmu_tb_ent/s2_rs1_val_out}
# add wave -noreg {/p_mmu_tb_ent/s2_rs2_val_out}
# add wave -noreg {/p_mmu_tb_ent/s2_rs3_val_out}
# add wave -noreg {/p_mmu_tb_ent/s2_shift_val_out}
# add wave -noreg {/p_mmu_tb_ent/s2_ls_sa_hl_bits_out}
# add wave -noreg {/p_mmu_tb_ent/reg_write_in}
# add wave -noreg {/p_mmu_tb_ent/bit23_24_in}
# add wave -noreg {/p_mmu_tb_ent/rs1_in}
# add wave -noreg {/p_mmu_tb_ent/rs2_in}
# add wave -noreg {/p_mmu_tb_ent/rs3_in}
# add wave -noreg {/p_mmu_tb_ent/rs1_in_val}
# add wave -noreg {/p_mmu_tb_ent/rs2_in_val}
# add wave -noreg {/p_mmu_tb_ent/rs3_in_val}
# add wave -noreg {/p_mmu_tb_ent/immediate_in}
# add wave -noreg {/p_mmu_tb_ent/loadindex_in}
# add wave -noreg {/p_mmu_tb_ent/shift_val_in}
# add wave -noreg {/p_mmu_tb_ent/rd_in}
# add wave -noreg {/p_mmu_tb_ent/command_bits_in}
# add wave -noreg {/p_mmu_tb_ent/li_sa_ha_bits_in}
# add wave -noreg {/p_mmu_tb_ent/reg_write_out}
# add wave -noreg {/p_mmu_tb_ent/bit23_24_out}
# add wave -noreg {/p_mmu_tb_ent/rs1_out}
# add wave -noreg {/p_mmu_tb_ent/rs2_out}
# add wave -noreg {/p_mmu_tb_ent/rs3_out}
# add wave -noreg {/p_mmu_tb_ent/rs1_out_val}
# add wave -noreg {/p_mmu_tb_ent/rs2_out_val}
# add wave -noreg {/p_mmu_tb_ent/rs3_out_val}
# add wave -noreg {/p_mmu_tb_ent/immediate_out}
# add wave -noreg {/p_mmu_tb_ent/loadindex_out}
# add wave -noreg {/p_mmu_tb_ent/shift_val_out}
# add wave -noreg {/p_mmu_tb_ent/rd_out}
# add wave -noreg {/p_mmu_tb_ent/command_bits_out}
# add wave -noreg {/p_mmu_tb_ent/li_sa_ha_bits_out}
# add wave -noreg {/p_mmu_tb_ent/ex_wb_out_wbtoggle_s3_in}
# add wave -noreg {/p_mmu_tb_ent/ex_wb_out_rd_s3_in}
# add wave -noreg {/p_mmu_tb_ent/ex_wb_out_wvalue_s3_in}
# add wave -noreg {/p_mmu_tb_ent/s3_out_ex_in}
# 54 signal(s) traced.
# Waveform file 'untitled.awc' connected to 'C:/Users/Porapat/Downloads/345_Project/Pipelined Multimedia Unit/src/wave.asdb'.
run @300us
# KERNEL: stopped at time: 300 us
endsim
# VSIM: Simulation has finished.
asim -O5 -L pipelined_multimedia_unit -L ieee +accb +accr +access +r +access +r+w p_mmu_tb_ent p_mmu_tb_arch
# ELBREAD: Elaboration process.
# ELBREAD: Elaboration time 0.0 [s].
# VSIM: Stack memory: 32MB
# VSIM: Retval memory: 32MB
# 
# KERNEL: Main thread initiated.
# KERNEL: Kernel process initialization phase.
# ELAB2: Elaboration final pass...
# ELAB2: Create instances ...
# KERNEL: Time resolution set to 1ps.
# ELAB2: Create instances complete.
# SLP: Started
# SLP: Elaboration phase ...
# SLP: Elaboration phase ... skipped, nothing to simulate in SLP mode : 0.0 [s]
# SLP: Finished : 0.0 [s]
# ELAB2: Elaboration final pass complete - time: 0.0 [s].
# KERNEL: Warning: You are using the Active-HDL Student Edition. The performance of simulation is running at a reduced rate.
# KERNEL: Warning: Contact Aldec for available upgrade options - sales@aldec.com.
# KERNEL: Kernel process initialization done.
# Allocation: Simulator allocated 7329 kB (elbread=1280 elab2=5903 kernel=145 sdf=0)
# KERNEL: ASDB file was created in location C:\Users\Porapat\Downloads\345_Project\Pipelined Multimedia Unit\src\wave.asdb
#  5:16 PM, Sunday, November 29, 2020
#  Simulation has been initialized
# Waveform file 'untitled.awc' connected to 'C:/Users/Porapat/Downloads/345_Project/Pipelined Multimedia Unit/src/wave.asdb'.
run @150us
# KERNEL: WARNING: NUMERIC_STD.TO_INTEGER: metavalue detected, returning 0
# KERNEL: Time: 0 ps,  Iteration: 0,  Instance: /p_mmu_tb_ent/UUT/stage1/instruction_fetch,  Process: instruction_fetch.
# KERNEL: WARNING: NUMERIC_STD.TO_INTEGER: metavalue detected, returning 0
# KERNEL: Time: 0 ps,  Iteration: 0,  Instance: /p_mmu_tb_ent/UUT/stage2/reg_file,  Process: registerFileReadWrite.
# KERNEL: WARNING: NUMERIC_STD.TO_INTEGER: metavalue detected, returning 0
# KERNEL: Time: 0 ps,  Iteration: 0,  Instance: /p_mmu_tb_ent/UUT/stage2/reg_file,  Process: registerFileReadWrite.
# KERNEL: WARNING: NUMERIC_STD.TO_INTEGER: metavalue detected, returning 0
# KERNEL: Time: 0 ps,  Iteration: 0,  Instance: /p_mmu_tb_ent/UUT/stage2/reg_file,  Process: registerFileReadWrite.
# KERNEL: WARNING: NUMERIC_STD.TO_INTEGER: metavalue detected, returning 0
# KERNEL: Time: 6300 ns,  Iteration: 1,  Instance: /p_mmu_tb_ent/UUT/stage2/reg_file,  Process: registerFileReadWrite.
# KERNEL: WARNING: NUMERIC_STD.TO_INTEGER: metavalue detected, returning 0
# KERNEL: Time: 6300 ns,  Iteration: 1,  Instance: /p_mmu_tb_ent/UUT/stage2/reg_file,  Process: registerFileReadWrite.
# KERNEL: WARNING: NUMERIC_STD.TO_INTEGER: metavalue detected, returning 0
# KERNEL: Time: 6300 ns,  Iteration: 1,  Instance: /p_mmu_tb_ent/UUT/stage2/reg_file,  Process: registerFileReadWrite.
# KERNEL: stopped at time: 150 us
